Arguments: 
  /home/moonlight/.nvm/versions/node/v12.18.2/bin/node /usr/share/yarn/bin/yarn.js install --mutex network:42424 --non-interactive

PATH: 
  /home/linuxbrew/.linuxbrew/bin:/home/linuxbrew/.linuxbrew/sbin:/home/linuxbrew/.linuxbrew/bin:/home/linuxbrew/.linuxbrew/sbin:/home/linuxbrew/.linuxbrew/bin:/home/linuxbrew/.linuxbrew/sbin:/home/linuxbrew/.linuxbrew/bin:/home/linuxbrew/.linuxbrew/sbin:/home/linuxbrew/.linuxbrew/bin:/home/linuxbrew/.linuxbrew/sbin:/home/linuxbrew/.linuxbrew/bin:/home/linuxbrew/.linuxbrew/sbin:/home/moonlight/.nvm/versions/node/v12.18.2/bin:/usr/local/sbin:/usr/local/bin:/usr/sbin:/usr/bin:/sbin:/bin:/usr/games:/usr/local/games:/snap/bin:/home/moonlight/.yarn/bin:/home/moonlight/Android/Sdk/emulator:/home/moonlight/Android/Sdk/tools:/home/moonlight/Android/Sdk/tools/bin:/home/moonlight/Android/Sdk/platform-tools:/home/moonlight/.yarn/bin:/home/moonlight/Android/Sdk/emulator:/home/moonlight/Android/Sdk/tools:/home/moonlight/Android/Sdk/tools/bin:/home/moonlight/Android/Sdk/platform-tools:Usage Error: The 'yarn global' commands have been removed in 2.x - consider using 'yarn dlx' or a third-party plugin instead
  
  $ yarn run [--inspect] [--inspect-brk] <scriptName> ...:/home/moonlight/Android/Sdk/emulator:/home/moonlight/Android/Sdk/tools:/home/moonlight/Android/Sdk/tools/bin:/home/moonlight/Android/Sdk/platform-tools

Yarn version: 
  1.22.5

Node version: 
  12.18.2

Platform: 
  linux x64

Trace: 
  Error: EEXIST: file already exists, symlink '../../fkg-list-types' -> '/home/moonlight/workspace/personal/fkg-list/node_modules/fkg-list-crawler/node_modules/fkg-list-types'

npm manifest: 
  {
    "name": "fkg-list",
    "version": "1.0.0",
    "description": "フラワーナイトガールのユニット一覧",
    "main": "index.js",
    "repository": "https://github.com/moonlight8978/fkg-list.git",
    "author": "_MoonLight_ <moonlight8978@gmail.com>",
    "license": "MIT",
    "private": true,
    "devDependencies": {
      "@typescript-eslint/eslint-plugin": "^4.23.0",
      "@typescript-eslint/parser": "^4.23.0",
      "eslint": "^7.26.0",
      "eslint-config-airbnb": "^18.2.1",
      "eslint-config-prettier": "^8.3.0",
      "eslint-import-resolver-typescript": "^2.4.0",
      "eslint-plugin-import": "^2.23.1",
      "eslint-plugin-jsx-a11y": "^6.4.1",
      "eslint-plugin-prettier": "^3.4.0",
      "eslint-plugin-react": "^7.23.2",
      "eslint-plugin-react-hooks": "^4.2.0",
      "jest": "^26.6.3",
      "lerna": "^4.0.0",
      "prettier": "^2.3.0",
      "typescript": "^4.2.4"
    },
    "dependencies": {
      "fkg-list-crawler": "file:packages/fkg-list-crawler",
      "fkg-list-types": "file:packages/fkg-list-types"
    },
    "workspaces": [
      "packages/*"
    ]
  }

yarn manifest: 
  No manifest

Lockfile: 
  No lockfile
